<?xml version="1.0" encoding="UTF-8"?>
<testsuite name="org.cs.patientservice.PatientServiceApplicationTests" tests="1" skipped="0" failures="0" errors="0" timestamp="2023-02-20T17:34:31" hostname="CSC-DEV" time="0.323">
  <properties/>
  <testcase name="contextLoads()" classname="org.cs.patientservice.PatientServiceApplicationTests" time="0.323"/>
  <system-out><![CDATA[14:34:29.764 [Test worker] DEBUG org.springframework.boot.test.context.SpringBootTestContextBootstrapper - Neither @ContextConfiguration nor @ContextHierarchy found for test class [PatientServiceApplicationTests]: using SpringBootContextLoader
14:34:29.769 [Test worker] DEBUG org.springframework.test.context.support.AbstractContextLoader - Could not detect default resource locations for test class [org.cs.patientservice.PatientServiceApplicationTests]: no resource found for suffixes {-context.xml, Context.groovy}.
14:34:29.770 [Test worker] INFO org.springframework.test.context.support.AnnotationConfigContextLoaderUtils - Could not detect default configuration classes for test class [org.cs.patientservice.PatientServiceApplicationTests]: PatientServiceApplicationTests does not declare any static, non-private, non-final, nested classes annotated with @Configuration.
14:34:29.791 [Test worker] DEBUG org.springframework.boot.test.context.SpringBootTestContextBootstrapper - Using ContextCustomizers for test class [PatientServiceApplicationTests]: [DisableObservabilityContextCustomizer, PropertyMappingContextCustomizer, Customizer, ExcludeFilterContextCustomizer, DuplicateJsonObjectContextCustomizer, MockitoContextCustomizer, TestRestTemplateContextCustomizer]
14:34:29.853 [Test worker] DEBUG org.springframework.context.annotation.ClassPathScanningCandidateComponentProvider - Identified candidate component class: file [/home/cristiano/work/workspace/patient-service/build/classes/java/main/org/cs/patientservice/PatientServiceApplication.class]
14:34:29.854 [Test worker] INFO org.springframework.boot.test.context.SpringBootTestContextBootstrapper - Found @SpringBootConfiguration org.cs.patientservice.PatientServiceApplication for test class org.cs.patientservice.PatientServiceApplicationTests
14:34:29.931 [Test worker] DEBUG org.springframework.test.context.util.TestContextSpringFactoriesUtils - Skipping candidate TestExecutionListener [org.springframework.test.context.transaction.TransactionalTestExecutionListener] due to a missing dependency. Specify custom TestExecutionListener classes or make the default TestExecutionListener classes and their required dependencies available. Offending class: [org/springframework/transaction/interceptor/TransactionAttributeSource]
14:34:29.932 [Test worker] DEBUG org.springframework.test.context.util.TestContextSpringFactoriesUtils - Skipping candidate TestExecutionListener [org.springframework.test.context.jdbc.SqlScriptsTestExecutionListener] due to a missing dependency. Specify custom TestExecutionListener classes or make the default TestExecutionListener classes and their required dependencies available. Offending class: [org/springframework/transaction/interceptor/TransactionAttribute]
14:34:29.934 [Test worker] DEBUG org.springframework.boot.test.context.SpringBootTestContextBootstrapper - Using TestExecutionListeners for test class [PatientServiceApplicationTests]: [ServletTestExecutionListener, DirtiesContextBeforeModesTestExecutionListener, ApplicationEventsTestExecutionListener, MockitoTestExecutionListener, DependencyInjectionTestExecutionListener, DirtiesContextTestExecutionListener, WithSecurityContextTestExecutionListener, EventPublishingTestExecutionListener, ReactorContextTestExecutionListener, RestDocsTestExecutionListener, MockRestServiceServerResetTestExecutionListener, MockMvcPrintOnlyOnFailureTestExecutionListener, WebDriverTestExecutionListener, MockWebServiceServerTestExecutionListener, ResetMocksTestExecutionListener]
14:34:29.936 [Test worker] DEBUG org.springframework.test.context.support.AbstractDirtiesContextTestExecutionListener - Before test class: class [PatientServiceApplicationTests], class annotated with @DirtiesContext [false] with mode [null]

  .   ____          _            __ _ _
 /\\ / ___'_ __ _ _(_)_ __  __ _ \ \ \ \
( ( )\___ | '_ | '_| | '_ \/ _` | \ \ \ \
 \\/  ___)| |_)| | | | | || (_| |  ) ) ) )
  '  |____| .__|_| |_|_| |_\__, | / / / /
 =========|_|==============|___/=/_/_/_/
 :: Spring Boot ::                (v3.0.2)

2023-02-20T14:34:30.172-03:00  INFO 18138 --- [    Test worker] o.c.p.PatientServiceApplicationTests     : Starting PatientServiceApplicationTests using Java 17.0.5 with PID 18138 (started by cristiano in /home/cristiano/work/workspace/patient-service)
2023-02-20T14:34:30.174-03:00  INFO 18138 --- [    Test worker] o.c.p.PatientServiceApplicationTests     : No active profile set, falling back to 1 default profile: "default"
2023-02-20T14:34:31.483-03:00  WARN 18138 --- [    Test worker] .s.s.UserDetailsServiceAutoConfiguration : 

Using generated security password: 3e0a0128-1da5-48b9-9c2b-92acdb1ddeb2

This generated password is for development use only. Your security configuration must be updated before running your application in production.

2023-02-20T14:34:31.583-03:00  INFO 18138 --- [    Test worker] o.s.s.web.DefaultSecurityFilterChain     : Will secure any request with [org.springframework.security.web.session.DisableEncodeUrlFilter@7159d601, org.springframework.security.web.context.request.async.WebAsyncManagerIntegrationFilter@70b33256, org.springframework.security.web.context.SecurityContextHolderFilter@5e9bf744, org.springframework.security.web.header.HeaderWriterFilter@6c8efde4, org.springframework.security.web.csrf.CsrfFilter@259287ac, org.springframework.security.web.authentication.logout.LogoutFilter@799f354a, org.springframework.security.web.authentication.UsernamePasswordAuthenticationFilter@10a907ec, org.springframework.security.web.authentication.ui.DefaultLoginPageGeneratingFilter@1a2773a8, org.springframework.security.web.authentication.ui.DefaultLogoutPageGeneratingFilter@33d230ce, org.springframework.security.web.authentication.www.BasicAuthenticationFilter@26a4f9ed, org.springframework.security.web.savedrequest.RequestCacheAwareFilter@48cdb156, org.springframework.security.web.servletapi.SecurityContextHolderAwareRequestFilter@20216016, org.springframework.security.web.authentication.AnonymousAuthenticationFilter@35e74e08, org.springframework.security.web.access.ExceptionTranslationFilter@8f2e3e6, org.springframework.security.web.access.intercept.AuthorizationFilter@17216605]
2023-02-20T14:34:31.625-03:00  INFO 18138 --- [    Test worker] o.c.p.PatientServiceApplicationTests     : Started PatientServiceApplicationTests in 1.645 seconds (process running for 2.605)
]]></system-out>
  <system-err><![CDATA[]]></system-err>
</testsuite>
